<?xml version="1.0" encoding="UTF-8"?>
<!-- Generated by org.testng.reporters.JUnitReportReporter -->
<testsuite hostname="ADMIN-PC" failures="0" tests="1" name="testcases.ReceiveMailTest" time="0.004" errors="0" timestamp="22 Apr 2024 06:03:22 GMT" skipped="0">
  <testcase classname="testcases.ReceiveMailTest" name="receiveMail" time="0.004"/>
</testsuite> <!-- testcases.ReceiveMailTest -->
